This file contains any messages produced by compilers while
running configure, to aid debugging if configure makes a mistake.

It was created by adwaita-icon-theme configure 3.27.90, which was
generated by GNU Autoconf 2.69.  Invocation command line was

  $ ./configure 

## --------- ##
## Platform. ##
## --------- ##

hostname = pojntfx-mainmachine-ubuntu
uname -m = x86_64
uname -r = 4.13.0-32-generic
uname -s = Linux
uname -v = #35-Ubuntu SMP Thu Jan 25 09:13:46 UTC 2018

/usr/bin/uname -p = unknown
/bin/uname -X     = unknown

/bin/arch              = unknown
/usr/bin/arch -k       = unknown
/usr/convex/getsysinfo = unknown
/usr/bin/hostinfo      = unknown
/bin/machine           = unknown
/usr/bin/oslevel       = unknown
/bin/universe          = unknown

PATH: /usr/local/sbin
PATH: /usr/local/bin
PATH: /usr/sbin
PATH: /usr/bin
PATH: /sbin
PATH: /bin
PATH: /usr/games
PATH: /usr/local/games
PATH: /snap/bin
PATH: /home/pojntfx/Android/Sdk/tools
PATH: /home/pojntfx/Android/Sdk/tools


## ----------- ##
## Core tests. ##
## ----------- ##

configure:1809: checking build system type
configure:1823: result: x86_64-pc-linux-gnu
configure:1843: checking host system type
configure:1856: result: x86_64-pc-linux-gnu
configure:1895: checking for a BSD-compatible install
configure:1963: result: /usr/bin/install -c
configure:1974: checking whether build environment is sane
configure:2029: result: yes
configure:2180: checking for a thread-safe mkdir -p
configure:2219: result: /bin/mkdir -p
configure:2226: checking for gawk
configure:2242: found /usr/bin/gawk
configure:2253: result: gawk
configure:2264: checking whether make sets $(MAKE)
configure:2286: result: yes
configure:2315: checking whether make supports nested variables
configure:2332: result: yes
configure:2421: checking whether UID '1000' is supported by ustar format
configure:2424: result: yes
configure:2431: checking whether GID '1000' is supported by ustar format
configure:2434: result: yes
configure:2442: checking how to create a ustar tar archive
configure:2453: tar --version
tar (GNU tar) 1.29
Copyright (C) 2015 Free Software Foundation, Inc.
License GPLv3+: GNU GPL version 3 or later <http://gnu.org/licenses/gpl.html>.
This is free software: you are free to change and redistribute it.
There is NO WARRANTY, to the extent permitted by law.

Written by John Gilmore and Jay Fenlason.
configure:2456: $? = 0
configure:2496: tardir=conftest.dir && eval tar --format=ustar -chf - "$tardir" >conftest.tar
configure:2499: $? = 0
configure:2503: tar -xf - <conftest.tar
configure:2506: $? = 0
configure:2508: cat conftest.dir/file
GrepMe
configure:2511: $? = 0
configure:2524: result: gnutar
configure:2629: checking for pkg-config
configure:2647: found /usr/bin/pkg-config
configure:2659: result: /usr/bin/pkg-config
configure:2684: checking pkg-config is at least version 0.19
configure:2687: result: yes
configure:2721: checking whether ln -s works
configure:2725: result: yes
configure:2734: checking for gtk-update-icon-cache
configure:2752: found /usr/bin/gtk-update-icon-cache
configure:2764: result: /usr/bin/gtk-update-icon-cache
configure:2777: checking for git
configure:2795: found /usr/bin/git
configure:2808: result: /usr/bin/git
configure:2821: checking for icontool-render
configure:2852: result: false
configure:2865: checking for inkscape
configure:2883: found /usr/bin/inkscape
configure:2896: result: /usr/bin/inkscape
configure:2919: checking for gtk-encode-symbolic-svg
configure:2937: found /usr/bin/gtk-encode-symbolic-svg
configure:2950: result: /usr/bin/gtk-encode-symbolic-svg
configure:3150: checking that generated files are newer than configure
configure:3156: result: done
configure:3176: creating ./config.status

## ---------------------- ##
## Running config.status. ##
## ---------------------- ##

This file was extended by adwaita-icon-theme config.status 3.27.90, which was
generated by GNU Autoconf 2.69.  Invocation command line was

  CONFIG_FILES    = 
  CONFIG_HEADERS  = 
  CONFIG_LINKS    = 
  CONFIG_COMMANDS = 
  $ ./config.status 

on pojntfx-mainmachine-ubuntu

config.status:785: creating Makefile
config.status:785: creating adwaita-icon-theme.pc
config.status:785: creating src/Makefile
config.status:785: creating src/fullcolor/Makefile
config.status:785: creating src/symbolic/Makefile
config.status:785: creating src/spinner/Makefile
config.status:785: creating win32/Makefile
config.status:785: creating win32/adwaita-msvc.mak

## ---------------- ##
## Cache variables. ##
## ---------------- ##

ac_cv_build=x86_64-pc-linux-gnu
ac_cv_env_PKG_CONFIG_LIBDIR_set=
ac_cv_env_PKG_CONFIG_LIBDIR_value=
ac_cv_env_PKG_CONFIG_PATH_set=
ac_cv_env_PKG_CONFIG_PATH_value=
ac_cv_env_PKG_CONFIG_set=
ac_cv_env_PKG_CONFIG_value=
ac_cv_env_build_alias_set=
ac_cv_env_build_alias_value=
ac_cv_env_host_alias_set=
ac_cv_env_host_alias_value=
ac_cv_env_target_alias_set=
ac_cv_env_target_alias_value=
ac_cv_host=x86_64-pc-linux-gnu
ac_cv_path_GIT=/usr/bin/git
ac_cv_path_GTK_ENCODE_SYMBOLIC_SVG=/usr/bin/gtk-encode-symbolic-svg
ac_cv_path_GTK_UPDATE_ICON_CACHE=/usr/bin/gtk-update-icon-cache
ac_cv_path_ICONTOOL_RENDER=false
ac_cv_path_INKSCAPE=/usr/bin/inkscape
ac_cv_path_ac_pt_PKG_CONFIG=/usr/bin/pkg-config
ac_cv_path_install='/usr/bin/install -c'
ac_cv_path_mkdir=/bin/mkdir
ac_cv_prog_AWK=gawk
ac_cv_prog_make_make_set=yes
am_cv_make_support_nested_variables=yes
am_cv_prog_tar_ustar=gnutar

## ----------------- ##
## Output variables. ##
## ----------------- ##

ACLOCAL='${SHELL} /home/pojntfx/adwaita-icon-theme/missing aclocal-1.15'
ACLOCAL_AMFLAGS='${ACLOCAL_FLAGS}'
ALLOW_RENDERING_FALSE=''
ALLOW_RENDERING_TRUE='#'
AMTAR='$${TAR-tar}'
AM_BACKSLASH='\'
AM_DEFAULT_V='$(AM_DEFAULT_VERBOSITY)'
AM_DEFAULT_VERBOSITY='1'
AM_V='$(V)'
AUTOCONF='${SHELL} /home/pojntfx/adwaita-icon-theme/missing autoconf'
AUTOHEADER='${SHELL} /home/pojntfx/adwaita-icon-theme/missing autoheader'
AUTOMAKE='${SHELL} /home/pojntfx/adwaita-icon-theme/missing automake-1.15'
AWK='gawk'
CYGPATH_W='echo'
DEFS='-DPACKAGE_NAME=\"adwaita-icon-theme\" -DPACKAGE_TARNAME=\"adwaita-icon-theme\" -DPACKAGE_VERSION=\"3.27.90\" -DPACKAGE_STRING=\"adwaita-icon-theme\ 3.27.90\" -DPACKAGE_BUGREPORT=\"http://bugzilla.gnome.org/enter_bug.cgi\?product=adwaita-icon-theme\" -DPACKAGE_URL=\"\" -DPACKAGE=\"adwaita-icon-theme\" -DVERSION=\"3.27.90\"'
ECHO_C=''
ECHO_N='-n'
ECHO_T=''
ENABLE_L_XL_VARIANTS_FALSE=''
ENABLE_L_XL_VARIANTS_TRUE='#'
GETTEXT_PACKAGE='adwaita-icon-theme'
GIT='/usr/bin/git'
GTK_ENCODE_SYMBOLIC_SVG='/usr/bin/gtk-encode-symbolic-svg'
GTK_UPDATE_ICON_CACHE='/usr/bin/gtk-update-icon-cache'
ICONTOOL_RENDER='false'
INKSCAPE='/usr/bin/inkscape'
INSTALL_DATA='${INSTALL} -m 644'
INSTALL_PROGRAM='${INSTALL}'
INSTALL_SCRIPT='${INSTALL}'
INSTALL_STRIP_PROGRAM='$(install_sh) -c -s'
LIBOBJS=''
LIBS=''
LN_S='ln -s'
LTLIBOBJS=''
MAKEINFO='${SHELL} /home/pojntfx/adwaita-icon-theme/missing makeinfo'
MKDIR_P='/bin/mkdir -p'
PACKAGE='adwaita-icon-theme'
PACKAGE_BUGREPORT='http://bugzilla.gnome.org/enter_bug.cgi?product=adwaita-icon-theme'
PACKAGE_NAME='adwaita-icon-theme'
PACKAGE_STRING='adwaita-icon-theme 3.27.90'
PACKAGE_TARNAME='adwaita-icon-theme'
PACKAGE_URL=''
PACKAGE_VERSION='3.27.90'
PATH_SEPARATOR=':'
PKG_CONFIG='/usr/bin/pkg-config'
PKG_CONFIG_LIBDIR=''
PKG_CONFIG_PATH=''
PLATFORM_WIN32_FALSE=''
PLATFORM_WIN32_TRUE='#'
SET_MAKE=''
SHELL='/bin/bash'
STRIP=''
SVGOUTDIR='Adwaita'
SVGSRCDIR='src/symbolic'
VERSION='3.27.90'
am__isrc=''
am__leading_dot='.'
am__tar='tar --format=ustar -chf - "$$tardir"'
am__untar='tar -xf -'
bindir='${exec_prefix}/bin'
build='x86_64-pc-linux-gnu'
build_alias=''
build_cpu='x86_64'
build_os='linux-gnu'
build_vendor='pc'
datadir='${datarootdir}'
datarootdir='${prefix}/share'
docdir='${datarootdir}/doc/${PACKAGE_TARNAME}'
dvidir='${docdir}'
enable_l_xl_variants='no'
exec_prefix='${prefix}'
host='x86_64-pc-linux-gnu'
host_alias=''
host_cpu='x86_64'
host_os='linux-gnu'
host_vendor='pc'
htmldir='${docdir}'
includedir='${prefix}/include'
infodir='${datarootdir}/info'
install_sh='${SHELL} /home/pojntfx/adwaita-icon-theme/install-sh'
install_sizes='8x8 16x16 22x22 24x24 32x32 48x48 64x64 96x96 256x256 512x512'
libdir='${exec_prefix}/lib'
libexecdir='${exec_prefix}/libexec'
localedir='${datarootdir}/locale'
localstatedir='${prefix}/var'
mandir='${datarootdir}/man'
mkdir_p='$(MKDIR_P)'
oldincludedir='/usr/include'
pdfdir='${docdir}'
platform_win32='no'
prefix='/usr/local'
program_transform_name='s,x,x,'
psdir='${docdir}'
render_sizes='8x8 16x16 22x22 24x24 32x32 48x48 256x256 512x512'
runstatedir='${localstatedir}/run'
sbindir='${exec_prefix}/sbin'
sharedstatedir='${prefix}/com'
symbolic_encode_sizes='16x16 24x24 32x32 48x48 64x64 96x96'
symbolic_render_sizes=''
sysconfdir='${prefix}/etc'
target_alias=''
themedir='${datadir}/icons/Adwaita'

## ----------- ##
## confdefs.h. ##
## ----------- ##

/* confdefs.h */
#define PACKAGE_NAME "adwaita-icon-theme"
#define PACKAGE_TARNAME "adwaita-icon-theme"
#define PACKAGE_VERSION "3.27.90"
#define PACKAGE_STRING "adwaita-icon-theme 3.27.90"
#define PACKAGE_BUGREPORT "http://bugzilla.gnome.org/enter_bug.cgi?product=adwaita-icon-theme"
#define PACKAGE_URL ""
#define PACKAGE "adwaita-icon-theme"
#define VERSION "3.27.90"

configure: exit 0
